<?xml version="1.0" encoding="UTF-8"?>
<testng-results skipped="0" failed="0" ignored="0" total="1" passed="1">
  <reporter-output>
    <line>
      <![CDATA[The Controller sheet is successfully loaded]]>
    </line>
    <line>
      <![CDATA[STEP2]]>
    </line>
  </reporter-output>
  <suite name="Regression Test Script Execution Status" duration-ms="11743" started-at="2017-03-30T05:12:11Z" finished-at="2017-03-30T05:12:23Z">
    <groups>
    </groups>
    <test name="SignInTestcase" duration-ms="11743" started-at="2017-03-30T05:12:11Z" finished-at="2017-03-30T05:12:23Z">
      <class name="com.ta3s.testcases.LoginTest">
        <test-method status="PASS" signature="initiate()[pri:0, instance:com.ta3s.testcases.LoginTest@2a2d45ba]" name="initiate" is-config="true" duration-ms="39338" started-at="2017-03-30T10:41:32Z" finished-at="2017-03-30T10:42:11Z">
          <reporter-output>
          </reporter-output>
        </test-method> <!-- initiate -->
        <test-method status="PASS" signature="setUp()[pri:0, instance:com.ta3s.testcases.LoginTest@2a2d45ba]" name="setUp" is-config="true" duration-ms="10301" started-at="2017-03-30T10:42:11Z" finished-at="2017-03-30T10:42:22Z">
          <reporter-output>
            <line>
              <![CDATA[The Controller sheet is successfully loaded]]>
            </line>
          </reporter-output>
        </test-method> <!-- setUp -->
        <test-method status="PASS" signature="SignIn()[pri:0, instance:com.ta3s.testcases.LoginTest@2a2d45ba]" name="SignIn" duration-ms="1381" started-at="2017-03-30T10:42:22Z" finished-at="2017-03-30T10:42:23Z">
          <reporter-output>
            <line>
              <![CDATA[STEP2]]>
            </line>
          </reporter-output>
        </test-method> <!-- SignIn -->
        <test-method status="PASS" signature="tearDown()[pri:0, instance:com.ta3s.testcases.LoginTest@2a2d45ba]" name="tearDown" is-config="true" duration-ms="14988" started-at="2017-03-30T10:42:23Z" finished-at="2017-03-30T10:42:38Z">
          <reporter-output>
          </reporter-output>
        </test-method> <!-- tearDown -->
      </class> <!-- com.ta3s.testcases.LoginTest -->
    </test> <!-- SignInTestcase -->
  </suite> <!-- Regression Test Script Execution Status -->
</testng-results>
